# JRE version: OpenJDK Runtime Environment (8.0_152-b01) (build 1.8.0_152-release-915-b01)
# Java VM: OpenJDK 64-Bit Server VM (25.152-b01 mixed mode windows-amd64 compressed oops)
Heap:
 PSYoungGen      total 393216K, used 210263K [0x00000000e0000000, 0x00000000fd600000, 0x0000000100000000)
  eden space 311296K, 58% used [0x00000000e0000000,0x00000000eb24b440,0x00000000f3000000)
  from space 81920K, 33% used [0x00000000f8600000,0x00000000fa10aa70,0x00000000fd600000)
  to   space 84992K, 0% used [0x00000000f3000000,0x00000000f3000000,0x00000000f8300000)
 ParOldGen       total 343552K, used 103189K [0x00000000a0000000, 0x00000000b4f80000, 0x00000000e0000000)
  object space 343552K, 30% used [0x00000000a0000000,0x00000000a64c5438,0x00000000b4f80000)
 Metaspace       used 86758K, capacity 95488K, committed 98176K, reserved 1134592K
  class space    used 10837K, capacity 12952K, committed 13440K, reserved 1048576K
GC Heap History (10 events):
Event: 6076.743 GC heap before
{Heap before GC invocations=54 (full 4):
 PSYoungGen      total 345088K, used 51276K [0x00000000e0000000, 0x00000000fab80000, 0x0000000100000000)
  eden space 276992K, 0% used [0x00000000e0000000,0x00000000e0000000,0x00000000f0e80000)
  from space 68096K, 75% used [0x00000000f6900000,0x00000000f9b13318,0x00000000fab80000)
  to   space 80384K, 0% used [0x00000000f0e80000,0x00000000f0e80000,0x00000000f5d00000)
 ParOldGen       total 210944K, used 201540K [0x00000000a0000000, 0x00000000ace00000, 0x00000000e0000000)
  object space 210944K, 95% used [0x00000000a0000000,0x00000000ac4d12c0,0x00000000ace00000)
 Metaspace       used 88478K, capacity 98042K, committed 98176K, reserved 1134592K
  class space    used 11158K, capacity 13375K, committed 13440K, reserved 1048576K
Event: 6077.513 GC heap after
Heap after GC invocations=54 (full 4):
 PSYoungGen      total 345088K, used 0K [0x00000000e0000000, 0x00000000fab80000, 0x0000000100000000)
  eden space 276992K, 0% used [0x00000000e0000000,0x00000000e0000000,0x00000000f0e80000)
  from space 68096K, 0% used [0x00000000f6900000,0x00000000f6900000,0x00000000fab80000)
  to   space 80384K, 0% used [0x00000000f0e80000,0x00000000f0e80000,0x00000000f5d00000)
 ParOldGen       total 343552K, used 103181K [0x00000000a0000000, 0x00000000b4f80000, 0x00000000e0000000)
  object space 343552K, 30% used [0x00000000a0000000,0x00000000a64c3438,0x00000000b4f80000)
 Metaspace       used 86323K, capacity 94780K, committed 98176K, reserved 1134592K
  class space    used 10777K, capacity 12790K, committed 13440K, reserved 1048576K
}
Event: 6157.875 GC heap before
{Heap before GC invocations=55 (full 4):
 PSYoungGen      total 345088K, used 276992K [0x00000000e0000000, 0x00000000fab80000, 0x0000000100000000)
  eden space 276992K, 100% used [0x00000000e0000000,0x00000000f0e80000,0x00000000f0e80000)
  from space 68096K, 0% used [0x00000000f6900000,0x00000000f6900000,0x00000000fab80000)
  to   space 80384K, 0% used [0x00000000f0e80000,0x00000000f0e80000,0x00000000f5d00000)
 ParOldGen       total 343552K, used 103181K [0x00000000a0000000, 0x00000000b4f80000, 0x00000000e0000000)
  object space 343552K, 30% used [0x00000000a0000000,0x00000000a64c3438,0x00000000b4f80000)
 Metaspace       used 86367K, capacity 94906K, committed 98176K, reserved 1134592K
  class space    used 10789K, capacity 12831K, committed 13440K, reserved 1048576K
Event: 6157.885 GC heap after
Heap after GC invocations=55 (full 4):
 PSYoungGen      total 357376K, used 1899K [0x00000000e0000000, 0x00000000fc300000, 0x0000000100000000)
  eden space 276992K, 0% used [0x00000000e0000000,0x00000000e0000000,0x00000000f0e80000)
  from space 80384K, 2% used [0x00000000f0e80000,0x00000000f105ac48,0x00000000f5d00000)
  to   space 86528K, 0% used [0x00000000f6e80000,0x00000000f6e80000,0x00000000fc300000)
 ParOldGen       total 343552K, used 103181K [0x00000000a0000000, 0x00000000b4f80000, 0x00000000e0000000)
  object space 343552K, 30% used [0x00000000a0000000,0x00000000a64c3438,0x00000000b4f80000)
 Metaspace       used 86367K, capacity 94906K, committed 98176K, reserved 1134592K
  class space    used 10789K, capacity 12831K, committed 13440K, reserved 1048576K
}
Event: 6163.652 GC heap before
{Heap before GC invocations=56 (full 4):
 PSYoungGen      total 357376K, used 278891K [0x00000000e0000000, 0x00000000fc300000, 0x0000000100000000)
  eden space 276992K, 100% used [0x00000000e0000000,0x00000000f0e80000,0x00000000f0e80000)
  from space 80384K, 2% used [0x00000000f0e80000,0x00000000f105ac48,0x00000000f5d00000)
  to   space 86528K, 0% used [0x00000000f6e80000,0x00000000f6e80000,0x00000000fc300000)
 ParOldGen       total 343552K, used 103181K [0x00000000a0000000, 0x00000000b4f80000, 0x00000000e0000000)
  object space 343552K, 30% used [0x00000000a0000000,0x00000000a64c3438,0x00000000b4f80000)
 Metaspace       used 86485K, capacity 95038K, committed 98176K, reserved 1134592K
  class space    used 10799K, capacity 12845K, committed 13440K, reserved 1048576K
Event: 6163.837 GC heap after
Heap after GC invocations=56 (full 4):
 PSYoungGen      total 378880K, used 49254K [0x00000000e0000000, 0x00000000fc700000, 0x0000000100000000)
  eden space 292352K, 0% used [0x00000000e0000000,0x00000000e0000000,0x00000000f1d80000)
  from space 86528K, 56% used [0x00000000f6e80000,0x00000000f9e99928,0x00000000fc300000)
  to   space 82944K, 0% used [0x00000000f1d80000,0x00000000f1d80000,0x00000000f6e80000)
 ParOldGen       total 343552K, used 103181K [0x00000000a0000000, 0x00000000b4f80000, 0x00000000e0000000)
  object space 343552K, 30% used [0x00000000a0000000,0x00000000a64c3438,0x00000000b4f80000)
 Metaspace       used 86485K, capacity 95038K, committed 98176K, reserved 1134592K
  class space    used 10799K, capacity 12845K, committed 13440K, reserved 1048576K
}
Event: 6227.819 GC heap before
{Heap before GC invocations=57 (full 4):
 PSYoungGen      total 378880K, used 341606K [0x00000000e0000000, 0x00000000fc700000, 0x0000000100000000)
  eden space 292352K, 100% used [0x00000000e0000000,0x00000000f1d80000,0x00000000f1d80000)
  from space 86528K, 56% used [0x00000000f6e80000,0x00000000f9e99928,0x00000000fc300000)
  to   space 82944K, 0% used [0x00000000f1d80000,0x00000000f1d80000,0x00000000f6e80000)
 ParOldGen       total 343552K, used 103181K [0x00000000a0000000, 0x00000000b4f80000, 0x00000000e0000000)
  object space 343552K, 30% used [0x00000000a0000000,0x00000000a64c3438,0x00000000b4f80000)
 Metaspace       used 86567K, capacity 95188K, committed 98176K, reserved 1134592K
  class space    used 10812K, capacity 12890K, committed 13440K, reserved 1048576K
Event: 6227.831 GC heap after
Heap after GC invocations=57 (full 4):
 PSYoungGen      total 375296K, used 7411K [0x00000000e0000000, 0x00000000fda80000, 0x0000000100000000)
  eden space 292352K, 0% used [0x00000000e0000000,0x00000000e0000000,0x00000000f1d80000)
  from space 82944K, 8% used [0x00000000f1d80000,0x00000000f24bccd0,0x00000000f6e80000)
  to   space 86528K, 0% used [0x00000000f8600000,0x00000000f8600000,0x00000000fda80000)
 ParOldGen       total 343552K, used 103189K [0x00000000a0000000, 0x00000000b4f80000, 0x00000000e0000000)
  object space 343552K, 30% used [0x00000000a0000000,0x00000000a64c5438,0x00000000b4f80000)
 Metaspace       used 86567K, capacity 95188K, committed 98176K, reserved 1134592K
  class space    used 10812K, capacity 12890K, committed 13440K, reserved 1048576K
}
Event: 6233.348 GC heap before
{Heap before GC invocations=58 (full 4):
 PSYoungGen      total 375296K, used 299763K [0x00000000e0000000, 0x00000000fda80000, 0x0000000100000000)
  eden space 292352K, 100% used [0x00000000e0000000,0x00000000f1d80000,0x00000000f1d80000)
  from space 82944K, 8% used [0x00000000f1d80000,0x00000000f24bccd0,0x00000000f6e80000)
  to   space 86528K, 0% used [0x00000000f8600000,0x00000000f8600000,0x00000000fda80000)
 ParOldGen       total 343552K, used 103189K [0x00000000a0000000, 0x00000000b4f80000, 0x00000000e0000000)
  object space 343552K, 30% used [0x00000000a0000000,0x00000000a64c5438,0x00000000b4f80000)
 Metaspace       used 86632K, capacity 95272K, committed 98176K, reserved 1134592K
  class space    used 10817K, capacity 12896K, committed 13440K, reserved 1048576K
Event: 6233.376 GC heap after
Heap after GC invocations=58 (full 4):
 PSYoungGen      total 393216K, used 27690K [0x00000000e0000000, 0x00000000fd600000, 0x0000000100000000)
  eden space 311296K, 0% used [0x00000000e0000000,0x00000000e0000000,0x00000000f3000000)
  from space 81920K, 33% used [0x00000000f8600000,0x00000000fa10aa70,0x00000000fd600000)
  to   space 84992K, 0% used [0x00000000f3000000,0x00000000f3000000,0x00000000f8300000)
 ParOldGen       total 343552K, used 103189K [0x00000000a0000000, 0x00000000b4f80000, 0x00000000e0000000)
  object space 343552K, 30% used [0x00000000a0000000,0x00000000a64c5438,0x00000000b4f80000)
 Metaspace       used 86632K, capacity 95272K, committed 98176K, reserved 1134592K
  class space    used 10817K, capacity 12896K, committed 13440K, reserved 1048576K
}

